\BOOKMARK [-1][-]{part.1}{\376\377\000I\000\040\000M\000T\000H\000E\000\040\0003\0009\0003\000\040\000L\000a\000b\000s}{}% 1
\BOOKMARK [0][-]{chapter.1}{\376\377\000I\000n\000t\000r\000o\000d\000u\000c\000t\000i\000o\000n\000\040\000t\000o\000\040\000l\000a\000b\000\040\000e\000q\000u\000i\000p\000m\000e\000n\000t}{part.1}% 2
\BOOKMARK [1][-]{section.1.1}{\376\377\000K\000e\000y\000\040\000C\000o\000n\000c\000e\000p\000t\000s}{chapter.1}% 3
\BOOKMARK [1][-]{section.1.2}{\376\377\000P\000r\000e\000l\000a\000b}{chapter.1}% 4
\BOOKMARK [1][-]{section.1.3}{\376\377\000P\000r\000o\000c\000e\000d\000u\000r\000e}{chapter.1}% 5
\BOOKMARK [1][-]{section.1.4}{\376\377\000D\000e\000l\000i\000v\000e\000r\000a\000b\000l\000e\000s}{chapter.1}% 6
\BOOKMARK [0][-]{chapter.2}{\376\377\000F\000r\000e\000q\000u\000e\000n\000c\000y\000\040\000r\000e\000s\000p\000o\000n\000s\000e\000\040\000a\000n\000d\000\040\000t\000h\000e\000\040\000B\000o\000d\000e\000\040\000p\000l\000o\000t}{part.1}% 7
\BOOKMARK [1][-]{section.2.1}{\376\377\000K\000e\000y\000\040\000C\000o\000n\000c\000e\000p\000t\000s}{chapter.2}% 8
\BOOKMARK [1][-]{section.2.2}{\376\377\000P\000r\000e\000l\000a\000b}{chapter.2}% 9
\BOOKMARK [1][-]{section.2.3}{\376\377\000P\000r\000o\000c\000e\000d\000u\000r\000e}{chapter.2}% 10
\BOOKMARK [2][-]{subsection.2.3.1}{\376\377\000P\000r\000e\000l\000i\000m\000i\000n\000a\000r\000i\000e\000s}{section.2.3}% 11
\BOOKMARK [2][-]{subsection.2.3.2}{\376\377\000M\000A\000T\000L\000A\000B}{section.2.3}% 12
\BOOKMARK [2][-]{subsection.2.3.3}{\376\377\000B\000o\000d\000e\000\040\000p\000l\000o\000t}{section.2.3}% 13
\BOOKMARK [1][-]{section.2.4}{\376\377\000D\000e\000l\000i\000v\000e\000r\000a\000b\000l\000e\000s}{chapter.2}% 14
\BOOKMARK [0][-]{chapter.3}{\376\377\000I\000m\000p\000u\000l\000s\000e\000\040\000r\000e\000s\000p\000o\000n\000s\000e\000\040\000a\000n\000d\000\040\000t\000h\000e\000\040\000t\000r\000a\000n\000s\000f\000e\000r\000\040\000f\000u\000n\000c\000t\000i\000o\000n}{part.1}% 15
\BOOKMARK [1][-]{section.3.1}{\376\377\000P\000r\000e\000l\000a\000b}{chapter.3}% 16
\BOOKMARK [1][-]{section.3.2}{\376\377\000P\000r\000o\000c\000e\000d\000u\000r\000e}{chapter.3}% 17
\BOOKMARK [2][-]{subsection.3.2.1}{\376\377\000I\000m\000p\000u\000l\000s\000e\000\040\000R\000e\000s\000p\000o\000n\000s\000e}{section.3.2}% 18
\BOOKMARK [2][-]{subsection.3.2.2}{\376\377\000T\000r\000a\000n\000s\000f\000e\000r\000\040\000F\000u\000n\000c\000t\000i\000o\000n}{section.3.2}% 19
\BOOKMARK [0][-]{chapter.4}{\376\377\000B\000I\000B\000O\000\040\000S\000t\000a\000b\000i\000l\000i\000t\000y\000\040\000o\000f\000\040\000s\000y\000s\000t\000e\000m\000s}{part.1}% 20
\BOOKMARK [1][-]{section.4.1}{\376\377\000P\000r\000e\000l\000a\000b}{chapter.4}% 21
\BOOKMARK [1][-]{section.4.2}{\376\377\000P\000r\000o\000c\000e\000d\000u\000r\000e}{chapter.4}% 22
\BOOKMARK [-1][-]{part.2}{\376\377\000I\000I\000\040\000M\000T\000H\000E\000\040\0003\0003\0002\000\040\000L\000a\000b\000s}{}% 23
\BOOKMARK [0][-]{chapter.5}{\376\377\000F\000e\000e\000d\000b\000a\000c\000k\000\040\000a\000n\000d\000\040\000P\000I\000D\000\040\000c\000o\000n\000t\000r\000o\000l}{part.2}% 24
\BOOKMARK [1][-]{section.5.1}{\376\377\000K\000e\000y\000\040\000C\000o\000n\000c\000e\000p\000t\000s}{chapter.5}% 25
\BOOKMARK [1][-]{section.5.2}{\376\377\000P\000r\000e\000l\000a\000b}{chapter.5}% 26
\BOOKMARK [1][-]{section.5.3}{\376\377\000P\000r\000o\000c\000e\000d\000u\000r\000e}{chapter.5}% 27
\BOOKMARK [1][-]{section.5.4}{\376\377\000D\000e\000l\000i\000v\000e\000r\000a\000b\000l\000e\000s}{chapter.5}% 28
\BOOKMARK [0][-]{chapter.6}{\376\377\000P\000e\000r\000f\000o\000r\000m\000a\000n\000c\000e\000\040\000S\000p\000e\000c\000i\000f\000i\000c\000a\000t\000i\000o\000n\000s}{part.2}% 29
\BOOKMARK [1][-]{section.6.1}{\376\377\000P\000r\000e\000l\000a\000b}{chapter.6}% 30
\BOOKMARK [1][-]{section.6.2}{\376\377\000K\000e\000y\000\040\000C\000o\000n\000c\000e\000p\000t\000s}{chapter.6}% 31
\BOOKMARK [1][-]{section.6.3}{\376\377\000P\000r\000o\000c\000e\000d\000u\000r\000e}{chapter.6}% 32
\BOOKMARK [2][-]{subsection.6.3.1}{\376\377\000S\000i\000m\000u\000l\000a\000t\000i\000o\000n\000\040\000o\000f\000\040\000a\000\040\000s\000e\000c\000o\000n\000d\000-\000o\000r\000d\000e\000r\000\040\000s\000y\000s\000t\000e\000m}{section.6.3}% 33
\BOOKMARK [2][-]{subsection.6.3.2}{\376\377\000N\000o\000n\000-\000m\000i\000n\000i\000m\000u\000m\000\040\000p\000h\000a\000s\000e\000\040\000s\000y\000s\000t\000e\000m\000s}{section.6.3}% 34
\BOOKMARK [2][-]{subsection.6.3.3}{\376\377\000S\000y\000s\000t\000e\000m\000\040\000t\000y\000p\000e}{section.6.3}% 35
\BOOKMARK [1][-]{section.6.4}{\376\377\000D\000e\000l\000i\000v\000e\000r\000a\000b\000l\000e\000s}{chapter.6}% 36
\BOOKMARK [0][-]{chapter.7}{\376\377\000T\000h\000e\000\040\000N\000y\000q\000u\000i\000s\000t\000\040\000c\000r\000i\000t\000e\000r\000i\000o\000n}{part.2}% 37
\BOOKMARK [1][-]{section.7.1}{\376\377\000P\000r\000e\000l\000a\000b}{chapter.7}% 38
\BOOKMARK [1][-]{section.7.2}{\376\377\000P\000r\000o\000c\000e\000d\000u\000r\000e}{chapter.7}% 39
\BOOKMARK [2][-]{subsection.7.2.1}{\376\377\000U\000s\000i\000n\000g\000\040\000t\000h\000e\000\040\000B\000o\000d\000e\000\040\000p\000l\000o\000t\000\040\000t\000o\000\040\000s\000k\000e\000t\000c\000h\000\040\000t\000h\000e\000\040\000N\000y\000q\000u\000i\000s\000t\000\040\000c\000o\000n\000t\000o\000u\000r}{section.7.2}% 40
\BOOKMARK [2][-]{subsection.7.2.2}{\376\377\000U\000s\000i\000n\000g\000\040\000a\000\040\000p\000r\000o\000p\000o\000r\000t\000i\000o\000n\000a\000l\000\040\000c\000o\000n\000t\000r\000o\000l\000l\000e\000r}{section.7.2}% 41
\BOOKMARK [2][-]{subsection.7.2.3}{\376\377\000T\000h\000e\000\040\000p\000h\000a\000s\000e\000\040\000m\000a\000r\000g\000i\000n}{section.7.2}% 42
\BOOKMARK [0][-]{chapter.8}{\376\377\000P\000I\000D\000\040\000d\000e\000s\000i\000g\000n\000\040\000u\000s\000i\000n\000g\000\040\000f\000r\000e\000q\000u\000e\000n\000c\000y\000\040\000r\000e\000s\000p\000o\000n\000s\000e}{part.2}% 43
\BOOKMARK [1][-]{section.8.1}{\376\377\000P\000r\000e\000l\000a\000b}{chapter.8}% 44
\BOOKMARK [1][-]{section.8.2}{\376\377\000P\000r\000o\000c\000e\000d\000u\000r\000e}{chapter.8}% 45
\BOOKMARK [2][-]{subsection.8.2.1}{\376\377\000D\000e\000s\000i\000g\000n\000\040\000s\000p\000e\000c\000i\000f\000i\000c\000a\000t\000i\000o\000n\000s}{section.8.2}% 46
\BOOKMARK [2][-]{subsection.8.2.2}{\376\377\000T\000h\000e\000\040\000s\000t\000e\000p\000s\000\040\000i\000n\000\040\000c\000o\000n\000t\000r\000o\000l\000l\000e\000r\000\040\000d\000e\000s\000i\000g\000n}{section.8.2}% 47
\BOOKMARK [2][-]{subsection.8.2.3}{\376\377\000E\000x\000e\000c\000u\000t\000i\000n\000g\000\040\000t\000h\000e\000\040\000d\000e\000s\000i\000g\000n\000\040\000i\000n\000\040\000h\000a\000r\000d\000w\000a\000r\000e\000/\000s\000o\000f\000t\000w\000a\000r\000e}{section.8.2}% 48
\BOOKMARK [0][-]{chapter.9}{\376\377\000C\000o\000n\000t\000r\000o\000l\000l\000a\000b\000i\000l\000i\000t\000y\000\040\000a\000n\000d\000\040\000o\000b\000s\000e\000r\000v\000a\000b\000i\000l\000i\000t\000y}{part.2}% 49
\BOOKMARK [1][-]{section.9.1}{\376\377\000P\000r\000e\000l\000a\000b}{chapter.9}% 50
\BOOKMARK [1][-]{section.9.2}{\376\377\000P\000r\000o\000c\000e\000d\000u\000r\000e}{chapter.9}% 51
\BOOKMARK [2][-]{subsection.9.2.1}{\376\377\000C\000o\000n\000t\000r\000o\000l\000l\000a\000b\000i\000l\000i\000t\000y}{section.9.2}% 52
\BOOKMARK [2][-]{subsection.9.2.2}{\376\377\000O\000b\000s\000e\000r\000v\000a\000b\000i\000l\000i\000t\000y}{section.9.2}% 53
\BOOKMARK [0][-]{appendix.A}{\376\377\000M\000a\000t\000l\000a\000b}{part.2}% 54
\BOOKMARK [1][-]{section.A.1}{\376\377\000D\000e\000f\000i\000n\000i\000n\000g\000\040\000v\000a\000r\000i\000a\000b\000l\000e\000s}{appendix.A}% 55
\BOOKMARK [1][-]{section.A.2}{\376\377\000G\000e\000n\000e\000r\000a\000l\000\040\000C\000o\000m\000m\000a\000n\000d\000s}{appendix.A}% 56
\BOOKMARK [1][-]{section.A.3}{\376\377\000P\000l\000o\000t\000t\000i\000n\000g}{appendix.A}% 57
\BOOKMARK [1][-]{section.A.4}{\376\377\000C\000o\000n\000t\000r\000o\000l\000\040\000S\000y\000s\000t\000e\000m\000\040\000T\000o\000o\000l\000b\000o\000x}{appendix.A}% 58
\BOOKMARK [0][-]{appendix.B}{\376\377\000S\000i\000m\000u\000l\000i\000n\000k}{part.2}% 59
\BOOKMARK [1][-]{section.B.1}{\376\377\000S\000t\000a\000r\000t\000i\000n\000g}{appendix.B}% 60
\BOOKMARK [1][-]{section.B.2}{\376\377\000B\000u\000i\000l\000d\000i\000n\000g\000\040\000a\000\040\000S\000i\000m\000u\000l\000i\000n\000k\000\040\000m\000o\000d\000e\000l}{appendix.B}% 61
\BOOKMARK [1][-]{section.B.3}{\376\377\000S\000i\000m\000u\000l\000a\000t\000i\000o\000n\000s}{appendix.B}% 62
\BOOKMARK [1][-]{section.B.4}{\376\377\000P\000l\000o\000t\000t\000i\000n\000g}{appendix.B}% 63
\BOOKMARK [2][-]{subsection.B.4.1}{\376\377\000S\000a\000v\000i\000n\000g\000\040\000d\000a\000t\000a\000\040\000v\000i\000a\000\040\000t\000h\000e\000\040\000`\000`\000T\000o\000\040\000W\000o\000r\000k\000s\000p\000a\000c\000e\000'\000'\000\040\000b\000l\000o\000c\000k}{section.B.4}% 64
\BOOKMARK [2][-]{subsection.B.4.2}{\376\377\000S\000a\000v\000i\000n\000g\000\040\000d\000a\000t\000a\000\040\000f\000r\000o\000m\000\040\000a\000\040\000s\000c\000o\000p\000e}{section.B.4}% 65
\BOOKMARK [0][-]{appendix.C}{\376\377\000L\000a\000b\000\040\000E\000q\000u\000i\000p\000m\000e\000n\000t}{part.2}% 66
\BOOKMARK [1][-]{section.C.1}{\376\377\000H\000a\000r\000d\000w\000a\000r\000e\000\040\000d\000e\000v\000i\000c\000e\000s}{appendix.C}% 67
\BOOKMARK [1][-]{section.C.2}{\376\377\000D\000a\000t\000a\000\040\000A\000c\000q\000u\000i\000s\000i\000t\000i\000o\000n\000\040\000B\000o\000a\000r\000d}{appendix.C}% 68
\BOOKMARK [1][-]{section.C.3}{\376\377\000U\000n\000i\000v\000e\000r\000s\000a\000l\000\040\000p\000o\000w\000e\000r\000\040\000m\000o\000d\000u\000l\000e}{appendix.C}% 69
\BOOKMARK [1][-]{section.C.4}{\376\377\000D\000C\000\040\000s\000e\000r\000v\000o\000m\000o\000t\000o\000r}{appendix.C}% 70
