This is pdfTeX, Version 3.141592653-2.6-1.40.24 (TeX Live 2022) (preloaded format=pdflatex 2022.6.1)  1 JUN 2022 14:34
entering extended mode
 restricted \write18 enabled.
 file:line:error style messages enabled.
 %&-line parsing enabled.
**/home/liam/Repos/MTHE-332-Lab-Manual/332_393_Manual/lab-manual-Revised_2022.tex
(/home/liam/Repos/MTHE-332-Lab-Manual/332_393_Manual/lab-manual-Revised_2022.tex
LaTeX2e <2021-11-15> patch level 1
L3 programming layer <2022-05-30> (/home/liam/.local/bin/texlive/2022/texmf-dist/tex/latex/base/book.cls
Document Class: book 2021/10/04 v1.4n Standard LaTeX document class
(/home/liam/.local/bin/texlive/2022/texmf-dist/tex/latex/base/bk11.clo
File: bk11.clo 2021/10/04 v1.4n Standard LaTeX file (size option)
)
\c@part=\count185
\c@chapter=\count186
\c@section=\count187
\c@subsection=\count188
\c@subsubsection=\count189
\c@paragraph=\count190
\c@subparagraph=\count191
\c@figure=\count192
\c@table=\count193
\abovecaptionskip=\skip47
\belowcaptionskip=\skip48
\bibindent=\dimen138
) (/home/liam/.local/bin/texlive/2022/texmf-dist/tex/latex/amsmath/amsmath.sty
Package: amsmath 2021/10/15 v2.17l AMS math features
\@mathmargin=\skip49

For additional information on amsmath, use the `?' option.
(/home/liam/.local/bin/texlive/2022/texmf-dist/tex/latex/amsmath/amstext.sty
Package: amstext 2021/08/26 v2.01 AMS text
 (/home/liam/.local/bin/texlive/2022/texmf-dist/tex/latex/amsmath/amsgen.sty
File: amsgen.sty 1999/11/30 v2.0 generic functions
\@emptytoks=\toks16
\ex@=\dimen139
)) (/home/liam/.local/bin/texlive/2022/texmf-dist/tex/latex/amsmath/amsbsy.sty
Package: amsbsy 1999/11/29 v1.2d Bold Symbols
\pmbraise@=\dimen140
) (/home/liam/.local/bin/texlive/2022/texmf-dist/tex/latex/amsmath/amsopn.sty
Package: amsopn 2021/08/26 v2.02 operator names
)
\inf@bad=\count194
LaTeX Info: Redefining \frac on input line 234.
\uproot@=\count195
\leftroot@=\count196
LaTeX Info: Redefining \overline on input line 399.
\classnum@=\count197
\DOTSCASE@=\count198
LaTeX Info: Redefining \ldots on input line 496.
LaTeX Info: Redefining \dots on input line 499.
LaTeX Info: Redefining \cdots on input line 620.
\Mathstrutbox@=\box50
\strutbox@=\box51
\big@size=\dimen141
LaTeX Font Info:    Redeclaring font encoding OML on input line 743.
LaTeX Font Info:    Redeclaring font encoding OMS on input line 744.
\macc@depth=\count199
\c@MaxMatrixCols=\count266
\dotsspace@=\muskip16
\c@parentequation=\count267
\dspbrk@lvl=\count268
\tag@help=\toks17
\row@=\count269
\column@=\count270
\maxfields@=\count271
\andhelp@=\toks18
\eqnshift@=\dimen142
\alignsep@=\dimen143
\tagshift@=\dimen144
\tagwidth@=\dimen145
\totwidth@=\dimen146
\lineht@=\dimen147
\@envbody=\toks19
\multlinegap=\skip50
\multlinetaggap=\skip51
\mathdisplay@stack=\toks20
LaTeX Info: Redefining \[ on input line 2938.
LaTeX Info: Redefining \] on input line 2939.
) (/home/liam/.local/bin/texlive/2022/texmf-dist/tex/latex/graphics/graphicx.sty
Package: graphicx 2021/09/16 v1.2d Enhanced LaTeX Graphics (DPC,SPQR)
 (/home/liam/.local/bin/texlive/2022/texmf-dist/tex/latex/graphics/keyval.sty
Package: keyval 2014/10/28 v1.15 key=value parser (DPC)
\KV@toks@=\toks21
) (/home/liam/.local/bin/texlive/2022/texmf-dist/tex/latex/graphics/graphics.sty
Package: graphics 2021/03/04 v1.4d Standard LaTeX Graphics (DPC,SPQR)
 (/home/liam/.local/bin/texlive/2022/texmf-dist/tex/latex/graphics/trig.sty
Package: trig 2021/08/11 v1.11 sin cos tan (DPC)
) (/home/liam/.local/bin/texlive/2022/texmf-dist/tex/latex/graphics-cfg/graphics.cfg
File: graphics.cfg 2016/06/04 v1.11 sample graphics configuration
)
Package graphics Info: Driver file: pdftex.def on input line 107.
 (/home/liam/.local/bin/texlive/2022/texmf-dist/tex/latex/graphics-def/pdftex.def
File: pdftex.def 2020/10/05 v1.2a Graphics/color driver for pdftex
))
\Gin@req@height=\dimen148
\Gin@req@width=\dimen149
) (/home/liam/.local/bin/texlive/2022/texmf-dist/tex/latex/amsfonts/amsfonts.sty
Package: amsfonts 2013/01/14 v3.01 Basic AMSFonts support
\symAMSa=\mathgroup4
\symAMSb=\mathgroup5
LaTeX Font Info:    Redeclaring math symbol \hbar on input line 98.
LaTeX Font Info:    Overwriting math alphabet `\mathfrak' in version `bold'
(Font)                  U/euf/m/n --> U/euf/b/n on input line 106.
) (/home/liam/.local/bin/texlive/2022/texmf-dist/tex/latex/amsfonts/amssymb.sty
Package: amssymb 2013/01/14 v3.01 AMS font symbols
) (/home/liam/.local/bin/texlive/2022/texmf-dist/tex/latex/amscls/amsthm.sty
Package: amsthm 2020/05/29 v2.20.6
\thm@style=\toks22
\thm@bodyfont=\toks23
\thm@headfont=\toks24
\thm@notefont=\toks25
\thm@headpunct=\toks26
\thm@preskip=\skip52
\thm@postskip=\skip53
\thm@headsep=\skip54
\dth@everypar=\toks27
) (/home/liam/.local/bin/texlive/2022/texmf-dist/tex/latex/base/newlfont.sty
Package: newlfont 1998/08/17 v2.2m Standard LaTeX package
LaTeX Info: Redefining \em on input line 57.
 (/home/liam/.local/bin/texlive/2022/texmf-dist/tex/latex/base/latexsym.sty
Package: latexsym 1998/08/17 v2.2e Standard LaTeX package (lasy symbols)
\symlasy=\mathgroup6
LaTeX Font Info:    Overwriting symbol font `lasy' in version `bold'
(Font)                  U/lasy/m/n --> U/lasy/b/n on input line 52.
)) (./macros.sty) (/home/liam/.local/bin/texlive/2022/texmf-dist/tex/latex/pgf/frontendlayer/tikz.sty (/home/liam/.local/bin/texlive/2022/texmf-dist/tex/latex/pgf/basiclayer/pgf.sty (/home/liam/.local/bin/texlive/2022/texmf-dist/tex/latex/pgf/utilities/pgfrcs.sty (/home/liam/.local/bin/texlive/2022/texmf-dist/tex/generic/pgf/utilities/pgfutil-common.tex
\pgfutil@everybye=\toks28
\pgfutil@tempdima=\dimen150
\pgfutil@tempdimb=\dimen151
 (/home/liam/.local/bin/texlive/2022/texmf-dist/tex/generic/pgf/utilities/pgfutil-common-lists.tex)) (/home/liam/.local/bin/texlive/2022/texmf-dist/tex/generic/pgf/utilities/pgfutil-latex.def
\pgfutil@abb=\box52
) (/home/liam/.local/bin/texlive/2022/texmf-dist/tex/generic/pgf/utilities/pgfrcs.code.tex (/home/liam/.local/bin/texlive/2022/texmf-dist/tex/generic/pgf/pgf.revision.tex)
Package: pgfrcs 2021/05/15 v3.1.9a (3.1.9a)
))
Package: pgf 2021/05/15 v3.1.9a (3.1.9a)
 (/home/liam/.local/bin/texlive/2022/texmf-dist/tex/latex/pgf/basiclayer/pgfcore.sty (/home/liam/.local/bin/texlive/2022/texmf-dist/tex/latex/pgf/systemlayer/pgfsys.sty (/home/liam/.local/bin/texlive/2022/texmf-dist/tex/generic/pgf/systemlayer/pgfsys.code.tex
Package: pgfsys 2021/05/15 v3.1.9a (3.1.9a)
 (/home/liam/.local/bin/texlive/2022/texmf-dist/tex/generic/pgf/utilities/pgfkeys.code.tex
\pgfkeys@pathtoks=\toks29
\pgfkeys@temptoks=\toks30
 (/home/liam/.local/bin/texlive/2022/texmf-dist/tex/generic/pgf/utilities/pgfkeysfiltered.code.tex
\pgfkeys@tmptoks=\toks31
))
\pgf@x=\dimen152
\pgf@y=\dimen153
\pgf@xa=\dimen154
\pgf@ya=\dimen155
\pgf@xb=\dimen156
\pgf@yb=\dimen157
\pgf@xc=\dimen158
\pgf@yc=\dimen159
\pgf@xd=\dimen160
\pgf@yd=\dimen161
\w@pgf@writea=\write3
\r@pgf@reada=\read2
\c@pgf@counta=\count272
\c@pgf@countb=\count273
\c@pgf@countc=\count274
\c@pgf@countd=\count275
\t@pgf@toka=\toks32
\t@pgf@tokb=\toks33
\t@pgf@tokc=\toks34
\pgf@sys@id@count=\count276
 (/home/liam/.local/bin/texlive/2022/texmf-dist/tex/generic/pgf/systemlayer/pgf.cfg
File: pgf.cfg 2021/05/15 v3.1.9a (3.1.9a)
)
Driver file for pgf: pgfsys-pdftex.def
 (/home/liam/.local/bin/texlive/2022/texmf-dist/tex/generic/pgf/systemlayer/pgfsys-pdftex.def
File: pgfsys-pdftex.def 2021/05/15 v3.1.9a (3.1.9a)
 (/home/liam/.local/bin/texlive/2022/texmf-dist/tex/generic/pgf/systemlayer/pgfsys-common-pdf.def
File: pgfsys-common-pdf.def 2021/05/15 v3.1.9a (3.1.9a)
))) (/home/liam/.local/bin/texlive/2022/texmf-dist/tex/generic/pgf/systemlayer/pgfsyssoftpath.code.tex
File: pgfsyssoftpath.code.tex 2021/05/15 v3.1.9a (3.1.9a)
\pgfsyssoftpath@smallbuffer@items=\count277
\pgfsyssoftpath@bigbuffer@items=\count278
) (/home/liam/.local/bin/texlive/2022/texmf-dist/tex/generic/pgf/systemlayer/pgfsysprotocol.code.tex
File: pgfsysprotocol.code.tex 2021/05/15 v3.1.9a (3.1.9a)
)) (/home/liam/.local/bin/texlive/2022/texmf-dist/tex/latex/xcolor/xcolor.sty
Package: xcolor 2021/10/31 v2.13 LaTeX color extensions (UK)
 (/home/liam/.local/bin/texlive/2022/texmf-dist/tex/latex/graphics-cfg/color.cfg
File: color.cfg 2016/01/02 v1.6 sample color configuration
)
Package xcolor Info: Driver file: pdftex.def on input line 227.
Package xcolor Info: Model `cmy' substituted by `cmy0' on input line 1352.
Package xcolor Info: Model `hsb' substituted by `rgb' on input line 1356.
Package xcolor Info: Model `RGB' extended on input line 1368.
Package xcolor Info: Model `HTML' substituted by `rgb' on input line 1370.
Package xcolor Info: Model `Hsb' substituted by `hsb' on input line 1371.
Package xcolor Info: Model `tHsb' substituted by `hsb' on input line 1372.
Package xcolor Info: Model `HSB' substituted by `hsb' on input line 1373.
Package xcolor Info: Model `Gray' substituted by `gray' on input line 1374.
Package xcolor Info: Model `wave' substituted by `hsb' on input line 1375.
) (/home/liam/.local/bin/texlive/2022/texmf-dist/tex/generic/pgf/basiclayer/pgfcore.code.tex
Package: pgfcore 2021/05/15 v3.1.9a (3.1.9a)
 (/home/liam/.local/bin/texlive/2022/texmf-dist/tex/generic/pgf/math/pgfmath.code.tex (/home/liam/.local/bin/texlive/2022/texmf-dist/tex/generic/pgf/math/pgfmathcalc.code.tex (/home/liam/.local/bin/texlive/2022/texmf-dist/tex/generic/pgf/math/pgfmathutil.code.tex) (/home/liam/.local/bin/texlive/2022/texmf-dist/tex/generic/pgf/math/pgfmathparser.code.tex
\pgfmath@dimen=\dimen162
\pgfmath@count=\count279
\pgfmath@box=\box53
\pgfmath@toks=\toks35
\pgfmath@stack@operand=\toks36
\pgfmath@stack@operation=\toks37
) (/home/liam/.local/bin/texlive/2022/texmf-dist/tex/generic/pgf/math/pgfmathfunctions.code.tex (/home/liam/.local/bin/texlive/2022/texmf-dist/tex/generic/pgf/math/pgfmathfunctions.basic.code.tex) (/home/liam/.local/bin/texlive/2022/texmf-dist/tex/generic/pgf/math/pgfmathfunctions.trigonometric.code.tex) (/home/liam/.local/bin/texlive/2022/texmf-dist/tex/generic/pgf/math/pgfmathfunctions.random.code.tex) (/home/liam/.local/bin/texlive/2022/texmf-dist/tex/generic/pgf/math/pgfmathfunctions.comparison.code.tex) (/home/liam/.local/bin/texlive/2022/texmf-dist/tex/generic/pgf/math/pgfmathfunctions.base.code.tex) (/home/liam/.local/bin/texlive/2022/texmf-dist/tex/generic/pgf/math/pgfmathfunctions.round.code.tex) (/home/liam/.local/bin/texlive/2022/texmf-dist/tex/generic/pgf/math/pgfmathfunctions.misc.code.tex) (/home/liam/.local/bin/texlive/2022/texmf-dist/tex/generic/pgf/math/pgfmathfunctions.integerarithmetics.code.tex))) (/home/liam/.local/bin/texlive/2022/texmf-dist/tex/generic/pgf/math/pgfmathfloat.code.tex
\c@pgfmathroundto@lastzeros=\count280
)) (/home/liam/.local/bin/texlive/2022/texmf-dist/tex/generic/pgf/math/pgfint.code.tex) (/home/liam/.local/bin/texlive/2022/texmf-dist/tex/generic/pgf/basiclayer/pgfcorepoints.code.tex
File: pgfcorepoints.code.tex 2021/05/15 v3.1.9a (3.1.9a)
\pgf@picminx=\dimen163
\pgf@picmaxx=\dimen164
\pgf@picminy=\dimen165
\pgf@picmaxy=\dimen166
\pgf@pathminx=\dimen167
\pgf@pathmaxx=\dimen168
\pgf@pathminy=\dimen169
\pgf@pathmaxy=\dimen170
\pgf@xx=\dimen171
\pgf@xy=\dimen172
\pgf@yx=\dimen173
\pgf@yy=\dimen174
\pgf@zx=\dimen175
\pgf@zy=\dimen176
) (/home/liam/.local/bin/texlive/2022/texmf-dist/tex/generic/pgf/basiclayer/pgfcorepathconstruct.code.tex
File: pgfcorepathconstruct.code.tex 2021/05/15 v3.1.9a (3.1.9a)
\pgf@path@lastx=\dimen177
\pgf@path@lasty=\dimen178
) (/home/liam/.local/bin/texlive/2022/texmf-dist/tex/generic/pgf/basiclayer/pgfcorepathusage.code.tex
File: pgfcorepathusage.code.tex 2021/05/15 v3.1.9a (3.1.9a)
\pgf@shorten@end@additional=\dimen179
\pgf@shorten@start@additional=\dimen180
) (/home/liam/.local/bin/texlive/2022/texmf-dist/tex/generic/pgf/basiclayer/pgfcorescopes.code.tex
File: pgfcorescopes.code.tex 2021/05/15 v3.1.9a (3.1.9a)
\pgfpic=\box54
\pgf@hbox=\box55
\pgf@layerbox@main=\box56
\pgf@picture@serial@count=\count281
) (/home/liam/.local/bin/texlive/2022/texmf-dist/tex/generic/pgf/basiclayer/pgfcoregraphicstate.code.tex
File: pgfcoregraphicstate.code.tex 2021/05/15 v3.1.9a (3.1.9a)
\pgflinewidth=\dimen181
) (/home/liam/.local/bin/texlive/2022/texmf-dist/tex/generic/pgf/basiclayer/pgfcoretransformations.code.tex
File: pgfcoretransformations.code.tex 2021/05/15 v3.1.9a (3.1.9a)
\pgf@pt@x=\dimen182
\pgf@pt@y=\dimen183
\pgf@pt@temp=\dimen184
) (/home/liam/.local/bin/texlive/2022/texmf-dist/tex/generic/pgf/basiclayer/pgfcorequick.code.tex
File: pgfcorequick.code.tex 2021/05/15 v3.1.9a (3.1.9a)
) (/home/liam/.local/bin/texlive/2022/texmf-dist/tex/generic/pgf/basiclayer/pgfcoreobjects.code.tex
File: pgfcoreobjects.code.tex 2021/05/15 v3.1.9a (3.1.9a)
) (/home/liam/.local/bin/texlive/2022/texmf-dist/tex/generic/pgf/basiclayer/pgfcorepathprocessing.code.tex
File: pgfcorepathprocessing.code.tex 2021/05/15 v3.1.9a (3.1.9a)
) (/home/liam/.local/bin/texlive/2022/texmf-dist/tex/generic/pgf/basiclayer/pgfcorearrows.code.tex
File: pgfcorearrows.code.tex 2021/05/15 v3.1.9a (3.1.9a)
\pgfarrowsep=\dimen185
) (/home/liam/.local/bin/texlive/2022/texmf-dist/tex/generic/pgf/basiclayer/pgfcoreshade.code.tex
File: pgfcoreshade.code.tex 2021/05/15 v3.1.9a (3.1.9a)
\pgf@max=\dimen186
\pgf@sys@shading@range@num=\count282
\pgf@shadingcount=\count283
) (/home/liam/.local/bin/texlive/2022/texmf-dist/tex/generic/pgf/basiclayer/pgfcoreimage.code.tex
File: pgfcoreimage.code.tex 2021/05/15 v3.1.9a (3.1.9a)
 (/home/liam/.local/bin/texlive/2022/texmf-dist/tex/generic/pgf/basiclayer/pgfcoreexternal.code.tex
File: pgfcoreexternal.code.tex 2021/05/15 v3.1.9a (3.1.9a)
\pgfexternal@startupbox=\box57
)) (/home/liam/.local/bin/texlive/2022/texmf-dist/tex/generic/pgf/basiclayer/pgfcorelayers.code.tex
File: pgfcorelayers.code.tex 2021/05/15 v3.1.9a (3.1.9a)
) (/home/liam/.local/bin/texlive/2022/texmf-dist/tex/generic/pgf/basiclayer/pgfcoretransparency.code.tex
File: pgfcoretransparency.code.tex 2021/05/15 v3.1.9a (3.1.9a)
) (/home/liam/.local/bin/texlive/2022/texmf-dist/tex/generic/pgf/basiclayer/pgfcorepatterns.code.tex
File: pgfcorepatterns.code.tex 2021/05/15 v3.1.9a (3.1.9a)
) (/home/liam/.local/bin/texlive/2022/texmf-dist/tex/generic/pgf/basiclayer/pgfcorerdf.code.tex
File: pgfcorerdf.code.tex 2021/05/15 v3.1.9a (3.1.9a)
))) (/home/liam/.local/bin/texlive/2022/texmf-dist/tex/generic/pgf/modules/pgfmoduleshapes.code.tex
File: pgfmoduleshapes.code.tex 2021/05/15 v3.1.9a (3.1.9a)
\pgfnodeparttextbox=\box58
) (/home/liam/.local/bin/texlive/2022/texmf-dist/tex/generic/pgf/modules/pgfmoduleplot.code.tex
File: pgfmoduleplot.code.tex 2021/05/15 v3.1.9a (3.1.9a)
) (/home/liam/.local/bin/texlive/2022/texmf-dist/tex/latex/pgf/compatibility/pgfcomp-version-0-65.sty
Package: pgfcomp-version-0-65 2021/05/15 v3.1.9a (3.1.9a)
\pgf@nodesepstart=\dimen187
\pgf@nodesepend=\dimen188
) (/home/liam/.local/bin/texlive/2022/texmf-dist/tex/latex/pgf/compatibility/pgfcomp-version-1-18.sty
Package: pgfcomp-version-1-18 2021/05/15 v3.1.9a (3.1.9a)
)) (/home/liam/.local/bin/texlive/2022/texmf-dist/tex/latex/pgf/utilities/pgffor.sty (/home/liam/.local/bin/texlive/2022/texmf-dist/tex/latex/pgf/utilities/pgfkeys.sty (/home/liam/.local/bin/texlive/2022/texmf-dist/tex/generic/pgf/utilities/pgfkeys.code.tex)) (/home/liam/.local/bin/texlive/2022/texmf-dist/tex/latex/pgf/math/pgfmath.sty (/home/liam/.local/bin/texlive/2022/texmf-dist/tex/generic/pgf/math/pgfmath.code.tex)) (/home/liam/.local/bin/texlive/2022/texmf-dist/tex/generic/pgf/utilities/pgffor.code.tex
Package: pgffor 2021/05/15 v3.1.9a (3.1.9a)
 (/home/liam/.local/bin/texlive/2022/texmf-dist/tex/generic/pgf/math/pgfmath.code.tex)
\pgffor@iter=\dimen189
\pgffor@skip=\dimen190
\pgffor@stack=\toks38
\pgffor@toks=\toks39
)) (/home/liam/.local/bin/texlive/2022/texmf-dist/tex/generic/pgf/frontendlayer/tikz/tikz.code.tex
Package: tikz 2021/05/15 v3.1.9a (3.1.9a)
 (/home/liam/.local/bin/texlive/2022/texmf-dist/tex/generic/pgf/libraries/pgflibraryplothandlers.code.tex
File: pgflibraryplothandlers.code.tex 2021/05/15 v3.1.9a (3.1.9a)
\pgf@plot@mark@count=\count284
\pgfplotmarksize=\dimen191
)
\tikz@lastx=\dimen192
\tikz@lasty=\dimen193
\tikz@lastxsaved=\dimen194
\tikz@lastysaved=\dimen195
\tikz@lastmovetox=\dimen196
\tikz@lastmovetoy=\dimen197
\tikzleveldistance=\dimen198
\tikzsiblingdistance=\dimen199
\tikz@figbox=\box59
\tikz@figbox@bg=\box60
\tikz@tempbox=\box61
\tikz@tempbox@bg=\box62
\tikztreelevel=\count285
\tikznumberofchildren=\count286
\tikznumberofcurrentchild=\count287
\tikz@fig@count=\count288
 (/home/liam/.local/bin/texlive/2022/texmf-dist/tex/generic/pgf/modules/pgfmodulematrix.code.tex
File: pgfmodulematrix.code.tex 2021/05/15 v3.1.9a (3.1.9a)
\pgfmatrixcurrentrow=\count289
\pgfmatrixcurrentcolumn=\count290
\pgf@matrix@numberofcolumns=\count291
)
\tikz@expandcount=\count292
 (/home/liam/.local/bin/texlive/2022/texmf-dist/tex/generic/pgf/frontendlayer/tikz/libraries/tikzlibrarytopaths.code.tex
File: tikzlibrarytopaths.code.tex 2021/05/15 v3.1.9a (3.1.9a)
))) (/home/liam/.local/bin/texlive/2022/texmf-dist/tex/latex/float/float.sty
Package: float 2001/11/08 v1.3d Float enhancements (AL)
\c@float@type=\count293
\float@exts=\toks40
\float@box=\box63
\@float@everytoks=\toks41
\@floatcapt=\box64
) (/home/liam/.local/bin/texlive/2022/texmf-dist/tex/latex/caption/caption.sty
Package: caption 2022/03/01 v3.6b Customizing captions (AR)
 (/home/liam/.local/bin/texlive/2022/texmf-dist/tex/latex/caption/caption3.sty
Package: caption3 2022/03/17 v2.3b caption3 kernel (AR)
\caption@tempdima=\dimen256
\captionmargin=\dimen257
\caption@leftmargin=\dimen258
\caption@rightmargin=\dimen259
\caption@width=\dimen260
\caption@indent=\dimen261
\caption@parindent=\dimen262
\caption@hangindent=\dimen263
Package caption Info: Standard document class detected.
)
\c@caption@flags=\count294
\c@continuedfloat=\count295
Package caption Info: float package is loaded.
) (/home/liam/.local/bin/texlive/2022/texmf-dist/tex/latex/hyperref/hyperref.sty
Package: hyperref 2022-05-17 v7.00q Hypertext links for LaTeX
 (/home/liam/.local/bin/texlive/2022/texmf-dist/tex/generic/ltxcmds/ltxcmds.sty
Package: ltxcmds 2020-05-10 v1.25 LaTeX kernel commands for general use (HO)
) (/home/liam/.local/bin/texlive/2022/texmf-dist/tex/generic/iftex/iftex.sty
Package: iftex 2022/02/03 v1.0f TeX engine tests
) (/home/liam/.local/bin/texlive/2022/texmf-dist/tex/generic/pdftexcmds/pdftexcmds.sty
Package: pdftexcmds 2020-06-27 v0.33 Utility functions of pdfTeX for LuaTeX (HO)
 (/home/liam/.local/bin/texlive/2022/texmf-dist/tex/generic/infwarerr/infwarerr.sty
Package: infwarerr 2019/12/03 v1.5 Providing info/warning/error messages (HO)
)
Package pdftexcmds Info: \pdf@primitive is available.
Package pdftexcmds Info: \pdf@ifprimitive is available.
Package pdftexcmds Info: \pdfdraftmode found.
) (/home/liam/.local/bin/texlive/2022/texmf-dist/tex/generic/kvsetkeys/kvsetkeys.sty
Package: kvsetkeys 2019/12/15 v1.18 Key value parser (HO)
) (/home/liam/.local/bin/texlive/2022/texmf-dist/tex/generic/kvdefinekeys/kvdefinekeys.sty
Package: kvdefinekeys 2019-12-19 v1.6 Define keys (HO)
) (/home/liam/.local/bin/texlive/2022/texmf-dist/tex/generic/pdfescape/pdfescape.sty
Package: pdfescape 2019/12/09 v1.15 Implements pdfTeX's escape features (HO)
) (/home/liam/.local/bin/texlive/2022/texmf-dist/tex/latex/hycolor/hycolor.sty
Package: hycolor 2020-01-27 v1.10 Color options for hyperref/bookmark (HO)
) (/home/liam/.local/bin/texlive/2022/texmf-dist/tex/latex/letltxmacro/letltxmacro.sty
Package: letltxmacro 2019/12/03 v1.6 Let assignment for LaTeX macros (HO)
) (/home/liam/.local/bin/texlive/2022/texmf-dist/tex/latex/auxhook/auxhook.sty
Package: auxhook 2019-12-17 v1.6 Hooks for auxiliary files (HO)
) (/home/liam/.local/bin/texlive/2022/texmf-dist/tex/latex/hyperref/nameref.sty
Package: nameref 2022-05-17 v2.50 Cross-referencing by name of section
 (/home/liam/.local/bin/texlive/2022/texmf-dist/tex/latex/refcount/refcount.sty
Package: refcount 2019/12/15 v3.6 Data extraction from label references (HO)
) (/home/liam/.local/bin/texlive/2022/texmf-dist/tex/generic/gettitlestring/gettitlestring.sty
Package: gettitlestring 2019/12/15 v1.6 Cleanup title references (HO)
 (/home/liam/.local/bin/texlive/2022/texmf-dist/tex/latex/kvoptions/kvoptions.sty
Package: kvoptions 2020-10-07 v3.14 Key value format for package options (HO)
))
\c@section@level=\count296
)
\@linkdim=\dimen264
\Hy@linkcounter=\count297
\Hy@pagecounter=\count298
 (/home/liam/.local/bin/texlive/2022/texmf-dist/tex/latex/hyperref/pd1enc.def
File: pd1enc.def 2022-05-17 v7.00q Hyperref: PDFDocEncoding definition (HO)
Now handling font encoding PD1 ...
... no UTF-8 mapping file for font encoding PD1
) (/home/liam/.local/bin/texlive/2022/texmf-dist/tex/generic/intcalc/intcalc.sty
Package: intcalc 2019/12/15 v1.3 Expandable calculations with integers (HO)
) (/home/liam/.local/bin/texlive/2022/texmf-dist/tex/generic/etexcmds/etexcmds.sty
Package: etexcmds 2019/12/15 v1.7 Avoid name clashes with e-TeX commands (HO)
)
\Hy@SavedSpaceFactor=\count299
 (/home/liam/.local/bin/texlive/2022/texmf-dist/tex/latex/hyperref/puenc.def
File: puenc.def 2022-05-17 v7.00q Hyperref: PDF Unicode definition (HO)
Now handling font encoding PU ...
... no UTF-8 mapping file for font encoding PU
)
Package hyperref Info: Hyper figures OFF on input line 4139.
Package hyperref Info: Link nesting OFF on input line 4144.
Package hyperref Info: Hyper index ON on input line 4147.
Package hyperref Info: Plain pages OFF on input line 4154.
Package hyperref Info: Backreferencing OFF on input line 4159.
Package hyperref Info: Implicit mode ON; LaTeX internals redefined.
Package hyperref Info: Bookmarks ON on input line 4385.
\c@Hy@tempcnt=\count300
 (/home/liam/.local/bin/texlive/2022/texmf-dist/tex/latex/url/url.sty
\Urlmuskip=\muskip17
Package: url 2013/09/16  ver 3.4  Verb mode for urls, etc.
)
LaTeX Info: Redefining \url on input line 4723.
\XeTeXLinkMargin=\dimen265
 (/home/liam/.local/bin/texlive/2022/texmf-dist/tex/generic/bitset/bitset.sty
Package: bitset 2019/12/09 v1.3 Handle bit-vector datatype (HO)
 (/home/liam/.local/bin/texlive/2022/texmf-dist/tex/generic/bigintcalc/bigintcalc.sty
Package: bigintcalc 2019/12/15 v1.5 Expandable calculations on big integers (HO)
))
\Fld@menulength=\count301
\Field@Width=\dimen266
\Fld@charsize=\dimen267
Package hyperref Info: Hyper figures OFF on input line 6001.
Package hyperref Info: Link nesting OFF on input line 6006.
Package hyperref Info: Hyper index ON on input line 6009.
Package hyperref Info: backreferencing OFF on input line 6016.
Package hyperref Info: Link coloring OFF on input line 6021.
Package hyperref Info: Link coloring with OCG OFF on input line 6026.
Package hyperref Info: PDF/A mode OFF on input line 6031.
LaTeX Info: Redefining \ref on input line 6078.
LaTeX Info: Redefining \pageref on input line 6078.
 (/home/liam/.local/bin/texlive/2022/texmf-dist/tex/latex/base/atbegshi-ltx.sty
Package: atbegshi-ltx 2021/01/10 v1.0c Emulation of the original atbegshi
package with kernel methods
)
\Hy@abspage=\count302
\c@Item=\count303
\c@Hfootnote=\count304
)
Package hyperref Info: Driver (autodetected): hpdftex.
 (/home/liam/.local/bin/texlive/2022/texmf-dist/tex/latex/hyperref/hpdftex.def
File: hpdftex.def 2022-05-17 v7.00q Hyperref driver for pdfTeX
 (/home/liam/.local/bin/texlive/2022/texmf-dist/tex/latex/base/atveryend-ltx.sty
Package: atveryend-ltx 2020/08/19 v1.0a Emulation of the original atveryend package
with kernel methods
)
\Fld@listcount=\count305
\c@bookmark@seq@number=\count306

(/home/liam/.local/bin/texlive/2022/texmf-dist/tex/latex/rerunfilecheck/rerunfilecheck.sty
Package: rerunfilecheck 2019/12/05 v1.9 Rerun checks for auxiliary files (HO)
 (/home/liam/.local/bin/texlive/2022/texmf-dist/tex/generic/uniquecounter/uniquecounter.sty
Package: uniquecounter 2019/12/15 v1.4 Provide unlimited unique counter (HO)
)
Package uniquecounter Info: New unique counter `rerunfilecheck' on input line 286.
)
\Hy@SectionHShift=\skip55
) (/home/liam/.local/bin/texlive/2022/texmf-dist/tex/generic/pgf/frontendlayer/tikz/libraries/tikzlibraryshapes.geometric.code.tex
File: tikzlibraryshapes.geometric.code.tex 2021/05/15 v3.1.9a (3.1.9a)
 (/home/liam/.local/bin/texlive/2022/texmf-dist/tex/generic/pgf/libraries/shapes/pgflibraryshapes.geometric.code.tex
File: pgflibraryshapes.geometric.code.tex 2021/05/15 v3.1.9a (3.1.9a)
)) (/home/liam/.local/bin/texlive/2022/texmf-dist/tex/generic/pgf/frontendlayer/tikz/libraries/tikzlibraryarrows.code.tex
File: tikzlibraryarrows.code.tex 2021/05/15 v3.1.9a (3.1.9a)
 (/home/liam/.local/bin/texlive/2022/texmf-dist/tex/generic/pgf/libraries/pgflibraryarrows.code.tex
File: pgflibraryarrows.code.tex 2021/05/15 v3.1.9a (3.1.9a)
\arrowsize=\dimen268
))
No file classical-control.bux.
(/home/liam/.local/bin/texlive/2022/texmf-dist/tex/latex/l3backend/l3backend-pdftex.def
File: l3backend-pdftex.def 2022-04-20 L3 backend support: PDF output (pdfTeX)
\l__color_backend_stack_int=\count307
\l__pdf_internal_box=\box65
) (./lab-manual-Revised_2022.aux)
\openout1 = `lab-manual-Revised_2022.aux'.

LaTeX Font Info:    Checking defaults for OML/cmm/m/it on input line 26.
LaTeX Font Info:    ... okay on input line 26.
LaTeX Font Info:    Checking defaults for OMS/cmsy/m/n on input line 26.
LaTeX Font Info:    ... okay on input line 26.
LaTeX Font Info:    Checking defaults for OT1/cmr/m/n on input line 26.
LaTeX Font Info:    ... okay on input line 26.
LaTeX Font Info:    Checking defaults for T1/cmr/m/n on input line 26.
LaTeX Font Info:    ... okay on input line 26.
LaTeX Font Info:    Checking defaults for TS1/cmr/m/n on input line 26.
LaTeX Font Info:    ... okay on input line 26.
LaTeX Font Info:    Checking defaults for OMX/cmex/m/n on input line 26.
LaTeX Font Info:    ... okay on input line 26.
LaTeX Font Info:    Checking defaults for U/cmr/m/n on input line 26.
LaTeX Font Info:    ... okay on input line 26.
LaTeX Font Info:    Checking defaults for PD1/pdf/m/n on input line 26.
LaTeX Font Info:    ... okay on input line 26.
LaTeX Font Info:    Checking defaults for PU/pdf/m/n on input line 26.
LaTeX Font Info:    ... okay on input line 26.
 (/home/liam/.local/bin/texlive/2022/texmf-dist/tex/context/base/mkii/supp-pdf.mkii
[Loading MPS to PDF converter (version 2006.09.02).]
\scratchcounter=\count308
\scratchdimen=\dimen269
\scratchbox=\box66
\nofMPsegments=\count309
\nofMParguments=\count310
\everyMPshowfont=\toks42
\MPscratchCnt=\count311
\MPscratchDim=\dimen270
\MPnumerator=\count312
\makeMPintoPDFobject=\count313
\everyMPtoPDFconversion=\toks43
) (/home/liam/.local/bin/texlive/2022/texmf-dist/tex/latex/epstopdf-pkg/epstopdf-base.sty
Package: epstopdf-base 2020-01-24 v2.11 Base part for package epstopdf
Package epstopdf-base Info: Redefining graphics rule for `.eps' on input line 485.
 (/home/liam/.local/bin/texlive/2022/texmf-dist/tex/latex/latexconfig/epstopdf-sys.cfg
File: epstopdf-sys.cfg 2010/07/13 v1.3 Configuration of (r)epstopdf for TeX Live
))
Package caption Info: Begin \AtBeginDocument code.
Package caption Info: hyperref package is loaded.
Package caption Info: End \AtBeginDocument code.
Package hyperref Info: Link coloring OFF on input line 26.
 (./lab-manual-Revised_2022.out) (./lab-manual-Revised_2022.out)
\@outlinefile=\write4
\openout4 = `lab-manual-Revised_2022.out'.

LaTeX Font Info:    Trying to load font information for U+msa on input line 28.
 (/home/liam/.local/bin/texlive/2022/texmf-dist/tex/latex/amsfonts/umsa.fd
File: umsa.fd 2013/01/14 v3.01 AMS symbols A
)
LaTeX Font Info:    Trying to load font information for U+msb on input line 28.
 (/home/liam/.local/bin/texlive/2022/texmf-dist/tex/latex/amsfonts/umsb.fd
File: umsb.fd 2013/01/14 v3.01 AMS symbols B
)
LaTeX Font Info:    Trying to load font information for U+lasy on input line 28.
 (/home/liam/.local/bin/texlive/2022/texmf-dist/tex/latex/base/ulasy.fd
File: ulasy.fd 1998/08/17 v2.2e LaTeX symbol font definitions
)

LaTeX Warning: No \author given.

[1


{/home/liam/.local/bin/texlive/2022/texmf-var/fonts/map/pdftex/updmap/pdftex.map}] (./preface.tex) [2

] (./lab-manual-Revised_2022.toc [3

] [4])
\tf@toc=\write5
\openout5 = `lab-manual-Revised_2022.toc'.

 [5] [6

] (./Project_Intro.tex

Package caption Warning: The option `hypcap=true' will be ignored for this
(caption)                particular \caption on input line 27.
See the caption package documentation for explanation.


Overfull \hbox (5.71858pt too wide) in paragraph at lines 13--51
[][] 
 []


Underfull \vbox (badness 1107) has occurred while \output is active []

 [7

]) [8] [9

] (./intro1.tex
Lab 1.
[10

]
Underfull \hbox (badness 10000) in paragraph at lines 57--59

 []

<pix/lab1.PNG, id=440, 720.44156pt x 504.38437pt>
File: pix/lab1.PNG Graphic file (type png)
<use pix/lab1.PNG>
Package pdftex.def Info: pix/lab1.PNG  used on input line 87.
(pdftex.def)             Requested size: 390.25534pt x 273.21779pt.
[11] [12 <./pix/lab1.PNG>]
Overfull \hbox (5.90363pt too wide) in paragraph at lines 126--127
[]\OT1/cmr/m/n/10.95 Check box [][]\OT1/cmtt/m/n/10.95 Set initial analog outputs when switching to this model 
 []


Overfull \hbox (5.90363pt too wide) in paragraph at lines 128--129
[]\OT1/cmr/m/n/10.95 Check box [][]\OT1/cmtt/m/n/10.95 Set final analog outputs when switching from this model 
 []

<pix/hil-read-analog-block.PNG, id=468, 265.74281pt x 301.8778pt>
File: pix/hil-read-analog-block.PNG Graphic file (type png)
<use pix/hil-read-analog-block.PNG>
Package pdftex.def Info: pix/hil-read-analog-block.PNG  used on input line 154.
(pdftex.def)             Requested size: 216.81pt x 246.2977pt.
<pix/hil-read-encoder-block.PNG, id=470, 353.32pt x 428.60126pt>
File: pix/hil-read-encoder-block.PNG Graphic file (type png)
<use pix/hil-read-encoder-block.PNG>
Package pdftex.def Info: pix/hil-read-encoder-block.PNG  used on input line 159.
(pdftex.def)             Requested size: 216.81pt x 263.00941pt.
<pix/hil-write-analog-block.PNG, id=471, 351.3125pt x 401.5pt>
File: pix/hil-write-analog-block.PNG Graphic file (type png)
<use pix/hil-write-analog-block.PNG>
Package pdftex.def Info: pix/hil-write-analog-block.PNG  used on input line 164.
(pdftex.def)             Requested size: 216.81pt x 247.7879pt.
[13] [14 <./pix/hil-read-analog-block.PNG> <./pix/hil-read-encoder-block.PNG>] [15 <./pix/hil-write-analog-block.PNG>]
Underfull \hbox (badness 1082) in paragraph at lines 203--210
\OT1/cmr/m/n/10.95 replacing ``[][]\OT1/cmtt/m/n/10.95 varname[]\OT1/cmr/m/n/10.95 '' with the vari-able name you chose when con-fig-ur-ing the
 []

[16]) (./freqresponse.tex [17]
Lab 2.
<pix/FreqResp.jpg, id=539, 1190.4475pt x 702.625pt>
File: pix/FreqResp.jpg Graphic file (type jpg)
<use pix/FreqResp.jpg>
Package pdftex.def Info: pix/FreqResp.jpg  used on input line 37.
(pdftex.def)             Requested size: 433.61057pt x 260.1816pt.
[18

] [19 <./pix/FreqResp.jpg>] [20]
<pix/lab2.jpg, id=572, 631.60968pt x 409.53pt>
File: pix/lab2.jpg Graphic file (type jpg)
<use pix/lab2.jpg>
Package pdftex.def Info: pix/lab2.jpg  used on input line 153.
(pdftex.def)             Requested size: 260.17464pt x 168.69574pt.
<pix/freqResponseSineConfig.jpg, id=579, 282.30469pt x 390.70969pt>
File: pix/freqResponseSineConfig.jpg Graphic file (type jpg)
<use pix/freqResponseSineConfig.jpg>
Package pdftex.def Info: pix/freqResponseSineConfig.jpg  used on input line 189.
(pdftex.def)             Requested size: 282.30399pt x 390.70872pt.
 [21 <./pix/lab2.jpg>] [22 <./pix/freqResponseSineConfig.jpg>]) (./impulseresponse.tex [23]
Lab 3.
LaTeX Font Info:    Font shape `U/lasy/b/n' in size <8> not available
(Font)              Font shape `U/lasy/m/n' tried instead on input line 46.
LaTeX Font Info:    Font shape `U/lasy/b/n' in size <6> not available
(Font)              Font shape `U/lasy/m/n' tried instead on input line 46.
[24

]
<pix/impulseResponseModel.jpg, id=623, 395.97937pt x 312.41719pt>
File: pix/impulseResponseModel.jpg Graphic file (type jpg)
<use pix/impulseResponseModel.jpg>
Package pdftex.def Info: pix/impulseResponseModel.jpg  used on input line 63.
(pdftex.def)             Requested size: 260.17464pt x 205.27115pt.
<pix/impulseResponsePulseConfig.jpg, id=629, 283.0575pt x 327.47343pt>
File: pix/impulseResponsePulseConfig.jpg Graphic file (type jpg)
<use pix/impulseResponsePulseConfig.jpg>
Package pdftex.def Info: pix/impulseResponsePulseConfig.jpg  used on input line 74.
(pdftex.def)             Requested size: 260.17464pt x 301.02438pt.
 [25 <./pix/impulseResponseModel.jpg>] [26 <./pix/impulseResponsePulseConfig.jpg>]
<pix/lab3a.jpg, id=649, 640.3925pt x 613.29124pt>
File: pix/lab3a.jpg Graphic file (type jpg)
<use pix/lab3a.jpg>
Package pdftex.def Info: pix/lab3a.jpg  used on input line 114.
(pdftex.def)             Requested size: 260.17464pt x 249.16766pt.
<pix/lab3.PNG, id=654, 640.3925pt x 613.29124pt>
File: pix/lab3.PNG Graphic file (type png)
<use pix/lab3.PNG>
Package pdftex.def Info: pix/lab3.PNG  used on input line 131.
(pdftex.def)             Requested size: 390.25534pt x 373.74214pt.
 [27 <./pix/lab3a.jpg>]
Underfull \vbox (badness 1540) has occurred while \output is active []

 [28 <./pix/lab3.PNG>]) (./stability.tex [29]
Lab 4.
<pix/model5.jpg, id=685, 422.32782pt x 337.26pt>
File: pix/model5.jpg Graphic file (type jpg)
<use pix/model5.jpg>
Package pdftex.def Info: pix/model5.jpg  used on input line 48.
(pdftex.def)             Requested size: 260.17464pt x 207.77132pt.
[30

] [31 <./pix/model5.jpg>]) [32] [33

] (./PID.tex
Lab 5.

Underfull \hbox (badness 10000) in paragraph at lines 31--42

 []

[34

]
Package epstopdf Info: Source file: <pix/PIDSchematic.eps>
(epstopdf)                    date: 2022-05-11 09:58:30
(epstopdf)                    size: 118277 bytes
(epstopdf)             Output file: <pix/PIDSchematic-eps-converted-to.pdf>
(epstopdf)                    date: 2022-05-11 09:58:31
(epstopdf)                    size: 21920 bytes
(epstopdf)             Command: <repstopdf --outfile=pix/PIDSchematic-eps-converted-to.pdf pix/PIDSchematic.eps>
(epstopdf)             \includegraphics on input line 59.
Package epstopdf Info: Output file is already uptodate.
<pix/PIDSchematic-eps-converted-to.pdf, id=728, 783.92876pt x 420.57124pt>
File: pix/PIDSchematic-eps-converted-to.pdf Graphic file (type pdf)
<use pix/PIDSchematic-eps-converted-to.pdf>
Package pdftex.def Info: pix/PIDSchematic-eps-converted-to.pdf  used on input line 59.
(pdftex.def)             Requested size: 346.89731pt x 186.11078pt.
 [35 <./pix/PIDSchematic-eps-converted-to.pdf>]
<pix/lab3.jpg, id=741, 724.20563pt x 570.63188pt>
File: pix/lab3.jpg Graphic file (type jpg)
<use pix/lab3.jpg>
Package pdftex.def Info: pix/lab3.jpg  used on input line 96.
(pdftex.def)             Requested size: 260.17464pt x 205.00067pt.
<pix/PID.PNG, id=743, 643.6547pt x 621.07031pt>
File: pix/PID.PNG Graphic file (type png)
<use pix/PID.PNG>
Package pdftex.def Info: pix/PID.PNG  used on input line 105.
(pdftex.def)             Requested size: 260.17464pt x 251.04878pt.
 [36 <./pix/lab3.jpg>] [37 <./pix/PID.PNG>]
<pix/lab6b.jpg, id=767, 526.21594pt x 536.75531pt>
File: pix/lab6b.jpg Graphic file (type jpg)
<use pix/lab6b.jpg>
Package pdftex.def Info: pix/lab6b.jpg  used on input line 161.
(pdftex.def)             Requested size: 260.17464pt x 265.39575pt.
<pix/fcnParameters.jpg, id=769, 283.0575pt x 148.30406pt>
File: pix/fcnParameters.jpg Graphic file (type jpg)
<use pix/fcnParameters.jpg>
Package pdftex.def Info: pix/fcnParameters.jpg  used on input line 172.
(pdftex.def)             Requested size: 260.17464pt x 136.32596pt.
 [38 <./pix/lab6b.jpg>]) (./performancespecifications.tex [39 <./pix/fcnParameters.jpg>]
Lab 6.
[40

]
<pix/model7.jpg, id=801, 338.01282pt x 284.56313pt>
File: pix/model7.jpg Graphic file (type jpg)
<use pix/model7.jpg>
Package pdftex.def Info: pix/model7.jpg  used on input line 63.
(pdftex.def)             Requested size: 260.17464pt x 219.04047pt.
 [41 <./pix/model7.jpg>] [42]
<pix/performanceSpecificationModel4.jpg, id=839, 849.1725pt x 476.53032pt>
File: pix/performanceSpecificationModel4.jpg Graphic file (type jpg)
<use pix/performanceSpecificationModel4.jpg>
Package pdftex.def Info: pix/performanceSpecificationModel4.jpg  used on input line 188.
(pdftex.def)             Requested size: 260.17464pt x 145.99957pt.
 [43] [44 <./pix/performanceSpecificationModel4.jpg>]
Underfull \hbox (badness 10000) in paragraph at lines 242--242
[]\OT1/cmr/m/n/10.95 Response to
 []


Underfull \hbox (badness 10000) in paragraph at lines 242--242
\OT1/cmr/m/n/10.95 Con-stant In-
 []


Underfull \hbox (badness 10000) in paragraph at lines 242--242
[]\OT1/cmr/m/n/10.95 Response to
 []


Underfull \hbox (badness 10000) in paragraph at lines 242--242
[]\OT1/cmr/m/n/10.95 Response to
 []


Underfull \hbox (badness 10000) in paragraph at lines 242--242
\OT1/cmr/m/n/10.95 Quadratic
 []

) (./nyquist.tex [45]
Lab 7.
[46

] [47]) (./PIDdesign.tex [48]
Lab 8.
[49

]
<pix/lab9a.jpg, id=919, 651.43375pt x 628.3475pt>
File: pix/lab9a.jpg Graphic file (type jpg)
<use pix/lab9a.jpg>
Package pdftex.def Info: pix/lab9a.jpg  used on input line 108.
(pdftex.def)             Requested size: 260.17464pt x 250.96062pt.
<pix/lab9.jpg, id=921, 651.43375pt x 628.3475pt>
File: pix/lab9.jpg Graphic file (type jpg)
<use pix/lab9.jpg>
Package pdftex.def Info: pix/lab9.jpg  used on input line 128.
(pdftex.def)             Requested size: 260.17464pt x 250.96062pt.
 [50]) (./controlandobserve.tex [51 <./pix/lab9a.jpg>] [52 <./pix/lab9.jpg>]
Lab 9.
<pix/circuitlarge.jpg, id=952, 381.22424pt x 262.3401pt>
File: pix/circuitlarge.jpg Graphic file (type jpg)
<use pix/circuitlarge.jpg>
Package pdftex.def Info: pix/circuitlarge.jpg  used on input line 17.
(pdftex.def)             Requested size: 260.17464pt x 179.04138pt.
[53

 <./pix/circuitlarge.jpg>]
<pix/controlandobservemodel.jpg, id=962, 366.61969pt x 305.64188pt>
File: pix/controlandobservemodel.jpg Graphic file (type jpg)
<use pix/controlandobservemodel.jpg>
Package pdftex.def Info: pix/controlandobservemodel.jpg  used on input line 87.
(pdftex.def)             Requested size: 260.17464pt x 216.91396pt.
 [54]
<pix/controlandobserveentries.jpg, id=978, 283.0575pt x 326.72063pt>
File: pix/controlandobserveentries.jpg Graphic file (type jpg)
<use pix/controlandobserveentries.jpg>
Package pdftex.def Info: pix/controlandobserveentries.jpg  used on input line 110.
(pdftex.def)             Requested size: 260.17464pt x 300.33237pt.
 [55 <./pix/controlandobservemodel.jpg>] [56 <./pix/controlandobserveentries.jpg>]) (./matlab.tex [57]
Appendix A.
[58

] [59]) (./simulink.tex [60]
Appendix B.
[61

] [62]) (./hardware.tex [63]
Appendix C.
<pix/Q2USB.jpg, id=1041, 3661.68pt x 2746.26pt>
File: pix/Q2USB.jpg Graphic file (type jpg)
<use pix/Q2USB.jpg>
Package pdftex.def Info: pix/Q2USB.jpg  used on input line 30.
(pdftex.def)             Requested size: 260.17464pt x 195.10735pt.
<pix/power.jpg, id=1044, 330.9966pt x 244.2726pt>
File: pix/power.jpg Graphic file (type jpg)
<use pix/power.jpg>
Package pdftex.def Info: pix/power.jpg  used on input line 49.
(pdftex.def)             Requested size: 260.17464pt x 192.01904pt.
[64

] [65 <./pix/Q2USB.jpg> <./pix/power.jpg>]
<pix/motor-eps-converted-to.pdf, id=1059, 131.49126pt x 160.6pt>
File: pix/motor-eps-converted-to.pdf Graphic file (type pdf)
<use pix/motor-eps-converted-to.pdf>
Package pdftex.def Info: pix/motor-eps-converted-to.pdf  used on input line 101.
(pdftex.def)             Requested size: 260.17464pt x 317.82231pt.
) [66] [67 <./pix/motor-eps-converted-to.pdf>] (./lab-manual-Revised_2022.aux)
Package rerunfilecheck Info: File `lab-manual-Revised_2022.out' has not changed.
(rerunfilecheck)             Checksum: 2998D2E53BEF9E70E20FB603997AAEF0;9993.
 ) 
Here is how much of TeX's memory you used:
 23288 strings out of 478293
 445631 string characters out of 5839485
 696493 words of memory out of 5000000
 40628 multiletter control sequences out of 15000+600000
 488899 words of font info for 107 fonts, out of 8000000 for 9000
 1141 hyphenation exceptions out of 8191
 84i,14n,89p,1477b,816s stack positions out of 10000i,1000n,20000p,200000b,200000s
{/home/liam/.local/bin/texlive/2022/texmf-dist/fonts/enc/dvips/cm-super/cm-super-ts1.enc}</home/liam/.local/bin/texlive/2022/texmf-dist/fonts/type1/public/amsfonts/cm/cmbx10.pfb></home/liam/.local/bin/texlive/2022/texmf-dist/fonts/type1/public/amsfonts/cm/cmbx12.pfb></home/liam/.local/bin/texlive/2022/texmf-dist/fonts/type1/public/amsfonts/cm/cmex10.pfb></home/liam/.local/bin/texlive/2022/texmf-dist/fonts/type1/public/amsfonts/cmextra/cmex8.pfb></home/liam/.local/bin/texlive/2022/texmf-dist/fonts/type1/public/amsfonts/cm/cmmi10.pfb></home/liam/.local/bin/texlive/2022/texmf-dist/fonts/type1/public/amsfonts/cm/cmmi12.pfb></home/liam/.local/bin/texlive/2022/texmf-dist/fonts/type1/public/amsfonts/cm/cmmi6.pfb></home/liam/.local/bin/texlive/2022/texmf-dist/fonts/type1/public/amsfonts/cm/cmmi7.pfb></home/liam/.local/bin/texlive/2022/texmf-dist/fonts/type1/public/amsfonts/cm/cmmi8.pfb></home/liam/.local/bin/texlive/2022/texmf-dist/fonts/type1/public/amsfonts/cm/cmmib10.pfb></home/liam/.local/bin/texlive/2022/texmf-dist/fonts/type1/public/amsfonts/cmextra/cmmib8.pfb></home/liam/.local/bin/texlive/2022/texmf-dist/fonts/type1/public/amsfonts/cm/cmr10.pfb></home/liam/.local/bin/texlive/2022/texmf-dist/fonts/type1/public/amsfonts/cm/cmr12.pfb></home/liam/.local/bin/texlive/2022/texmf-dist/fonts/type1/public/amsfonts/cm/cmr17.pfb></home/liam/.local/bin/texlive/2022/texmf-dist/fonts/type1/public/amsfonts/cm/cmr6.pfb></home/liam/.local/bin/texlive/2022/texmf-dist/fonts/type1/public/amsfonts/cm/cmr7.pfb></home/liam/.local/bin/texlive/2022/texmf-dist/fonts/type1/public/amsfonts/cm/cmr8.pfb></home/liam/.local/bin/texlive/2022/texmf-dist/fonts/type1/public/amsfonts/cm/cmr9.pfb></home/liam/.local/bin/texlive/2022/texmf-dist/fonts/type1/public/amsfonts/cm/cmsl10.pfb></home/liam/.local/bin/texlive/2022/texmf-dist/fonts/type1/public/amsfonts/cm/cmss10.pfb></home/liam/.local/bin/texlive/2022/texmf-dist/fonts/type1/public/amsfonts/cm/cmssbx10.pfb></home/liam/.local/bin/texlive/2022/texmf-dist/fonts/type1/public/amsfonts/cm/cmsy10.pfb></home/liam/.local/bin/texlive/2022/texmf-dist/fonts/type1/public/amsfonts/cm/cmsy8.pfb></home/liam/.local/bin/texlive/2022/texmf-dist/fonts/type1/public/amsfonts/cm/cmti10.pfb></home/liam/.local/bin/texlive/2022/texmf-dist/fonts/type1/public/amsfonts/cm/cmtt10.pfb></home/liam/.local/bin/texlive/2022/texmf-dist/fonts/type1/public/amsfonts/latxfont/lcircle1.pfb></home/liam/.local/bin/texlive/2022/texmf-dist/fonts/type1/public/amsfonts/latxfont/line10.pfb></home/liam/.local/bin/texlive/2022/texmf-dist/fonts/type1/public/amsfonts/symbols/msbm10.pfb></home/liam/.local/bin/texlive/2022/texmf-dist/fonts/type1/public/cm-super/sfrm1095.pfb>
Output written on lab-manual-Revised_2022.pdf (67 pages, 5556634 bytes).
PDF statistics:
 1282 PDF objects out of 1440 (max. 8388607)
 1104 compressed objects within 12 object streams
 382 named destinations out of 1000 (max. 500000)
 708 words of extra memory for PDF output out of 10000 (max. 10000000)

